Determining if the pthread_create exist failed with the following output:
Change Dir: /home/victorvianna/Desktop/FaceTweaking/engine/CMakeFiles/CMakeTmp

Run Build Command:"/usr/bin/make" "cmTC_5097e/fast"
/usr/bin/make -f CMakeFiles/cmTC_5097e.dir/build.make CMakeFiles/cmTC_5097e.dir/build
make[1]: Entering directory '/home/victorvianna/Desktop/FaceTweaking/engine/CMakeFiles/CMakeTmp'
Building C object CMakeFiles/cmTC_5097e.dir/CheckSymbolExists.c.o
/usr/bin/cc    -o CMakeFiles/cmTC_5097e.dir/CheckSymbolExists.c.o   -c /home/victorvianna/Desktop/FaceTweaking/engine/CMakeFiles/CMakeTmp/CheckSymbolExists.c
Linking C executable cmTC_5097e
/usr/bin/cmake -E cmake_link_script CMakeFiles/cmTC_5097e.dir/link.txt --verbose=1
/usr/bin/cc      -rdynamic CMakeFiles/cmTC_5097e.dir/CheckSymbolExists.c.o  -o cmTC_5097e 
CMakeFiles/cmTC_5097e.dir/CheckSymbolExists.c.o: In function `main':
CheckSymbolExists.c:(.text+0x1b): undefined reference to `pthread_create'
collect2: error: ld returned 1 exit status
CMakeFiles/cmTC_5097e.dir/build.make:97: recipe for target 'cmTC_5097e' failed
make[1]: *** [cmTC_5097e] Error 1
make[1]: Leaving directory '/home/victorvianna/Desktop/FaceTweaking/engine/CMakeFiles/CMakeTmp'
Makefile:126: recipe for target 'cmTC_5097e/fast' failed
make: *** [cmTC_5097e/fast] Error 2

File /home/victorvianna/Desktop/FaceTweaking/engine/CMakeFiles/CMakeTmp/CheckSymbolExists.c:
/* */
#include <pthread.h>

int main(int argc, char** argv)
{
  (void)argv;
#ifndef pthread_create
  return ((int*)(&pthread_create))[argc];
#else
  (void)argc;
  return 0;
#endif
}

Determining if the function pthread_create exists in the pthreads failed with the following output:
Change Dir: /home/victorvianna/Desktop/FaceTweaking/engine/CMakeFiles/CMakeTmp

Run Build Command:"/usr/bin/make" "cmTC_3fef5/fast"
/usr/bin/make -f CMakeFiles/cmTC_3fef5.dir/build.make CMakeFiles/cmTC_3fef5.dir/build
make[1]: Entering directory '/home/victorvianna/Desktop/FaceTweaking/engine/CMakeFiles/CMakeTmp'
Building C object CMakeFiles/cmTC_3fef5.dir/CheckFunctionExists.c.o
/usr/bin/cc   -DCHECK_FUNCTION_EXISTS=pthread_create   -o CMakeFiles/cmTC_3fef5.dir/CheckFunctionExists.c.o   -c /usr/share/cmake-3.10/Modules/CheckFunctionExists.c
Linking C executable cmTC_3fef5
/usr/bin/cmake -E cmake_link_script CMakeFiles/cmTC_3fef5.dir/link.txt --verbose=1
/usr/bin/cc  -DCHECK_FUNCTION_EXISTS=pthread_create    -rdynamic CMakeFiles/cmTC_3fef5.dir/CheckFunctionExists.c.o  -o cmTC_3fef5 -lpthreads 
/usr/bin/ld: cannot find -lpthreads
collect2: error: ld returned 1 exit status
CMakeFiles/cmTC_3fef5.dir/build.make:97: recipe for target 'cmTC_3fef5' failed
make[1]: *** [cmTC_3fef5] Error 1
make[1]: Leaving directory '/home/victorvianna/Desktop/FaceTweaking/engine/CMakeFiles/CMakeTmp'
Makefile:126: recipe for target 'cmTC_3fef5/fast' failed
make: *** [cmTC_3fef5/fast] Error 2


Determining if the function sgesv exists failed with the following output:
Change Dir: /home/victorvianna/Desktop/FaceTweaking/engine/CMakeFiles/CMakeTmp

Run Build Command:"/usr/bin/make" "cmTC_60845/fast"
/usr/bin/make -f CMakeFiles/cmTC_60845.dir/build.make CMakeFiles/cmTC_60845.dir/build
make[1]: Entering directory '/home/victorvianna/Desktop/FaceTweaking/engine/CMakeFiles/CMakeTmp'
Building C object CMakeFiles/cmTC_60845.dir/CheckFunctionExists.c.o
/usr/bin/cc   -DCHECK_FUNCTION_EXISTS=sgesv   -o CMakeFiles/cmTC_60845.dir/CheckFunctionExists.c.o   -c /usr/share/cmake-3.10/Modules/CheckFunctionExists.c
Linking C executable cmTC_60845
/usr/bin/cmake -E cmake_link_script CMakeFiles/cmTC_60845.dir/link.txt --verbose=1
/usr/bin/cc  -DCHECK_FUNCTION_EXISTS=sgesv    -rdynamic CMakeFiles/cmTC_60845.dir/CheckFunctionExists.c.o  -o cmTC_60845 /usr/lib/x86_64-linux-gnu/liblapack.so 
CMakeFiles/cmTC_60845.dir/CheckFunctionExists.c.o: In function `main':
CheckFunctionExists.c:(.text+0x10): undefined reference to `sgesv'
collect2: error: ld returned 1 exit status
CMakeFiles/cmTC_60845.dir/build.make:98: recipe for target 'cmTC_60845' failed
make[1]: *** [cmTC_60845] Error 1
make[1]: Leaving directory '/home/victorvianna/Desktop/FaceTweaking/engine/CMakeFiles/CMakeTmp'
Makefile:126: recipe for target 'cmTC_60845/fast' failed
make: *** [cmTC_60845/fast] Error 2


