The system is: Linux - 4.15.0-12-generic - x86_64
Compiling the C compiler identification source file "CMakeCCompilerId.c" succeeded.
Compiler: /usr/bin/cc 
Build flags: 
Id flags:  

The output was:
0


Compilation of the C compiler identification source "CMakeCCompilerId.c" produced "a.out"

The C compiler identification is GNU, found in "/home/victorvianna/Desktop/FaceTweaking/engine/CMakeFiles/3.9.6/CompilerIdC/a.out"

Compiling the CXX compiler identification source file "CMakeCXXCompilerId.cpp" succeeded.
Compiler: /usr/bin/c++ 
Build flags: 
Id flags:  

The output was:
0


Compilation of the CXX compiler identification source "CMakeCXXCompilerId.cpp" produced "a.out"

The CXX compiler identification is GNU, found in "/home/victorvianna/Desktop/FaceTweaking/engine/CMakeFiles/3.9.6/CompilerIdCXX/a.out"

Determining if the C compiler works passed with the following output:
Change Dir: /home/victorvianna/Desktop/FaceTweaking/engine/CMakeFiles/CMakeTmp

Run Build Command:"/usr/bin/make" "cmTC_ef87e/fast"
/usr/bin/make -f CMakeFiles/cmTC_ef87e.dir/build.make CMakeFiles/cmTC_ef87e.dir/build
make[1]: Entering directory '/home/victorvianna/Desktop/FaceTweaking/engine/CMakeFiles/CMakeTmp'
Building C object CMakeFiles/cmTC_ef87e.dir/testCCompiler.c.o
/usr/bin/cc    -o CMakeFiles/cmTC_ef87e.dir/testCCompiler.c.o   -c /home/victorvianna/Desktop/FaceTweaking/engine/CMakeFiles/CMakeTmp/testCCompiler.c
Linking C executable cmTC_ef87e
/usr/share/clion-2017.3.1/bin/cmake/bin/cmake -E cmake_link_script CMakeFiles/cmTC_ef87e.dir/link.txt --verbose=1
/usr/bin/cc      CMakeFiles/cmTC_ef87e.dir/testCCompiler.c.o  -o cmTC_ef87e 
make[1]: Leaving directory '/home/victorvianna/Desktop/FaceTweaking/engine/CMakeFiles/CMakeTmp'


Detecting C compiler ABI info compiled with the following output:
Change Dir: /home/victorvianna/Desktop/FaceTweaking/engine/CMakeFiles/CMakeTmp

Run Build Command:"/usr/bin/make" "cmTC_b3b1f/fast"
/usr/bin/make -f CMakeFiles/cmTC_b3b1f.dir/build.make CMakeFiles/cmTC_b3b1f.dir/build
make[1]: Entering directory '/home/victorvianna/Desktop/FaceTweaking/engine/CMakeFiles/CMakeTmp'
Building C object CMakeFiles/cmTC_b3b1f.dir/CMakeCCompilerABI.c.o
/usr/bin/cc    -o CMakeFiles/cmTC_b3b1f.dir/CMakeCCompilerABI.c.o   -c /usr/share/clion-2017.3.1/bin/cmake/share/cmake-3.9/Modules/CMakeCCompilerABI.c
Linking C executable cmTC_b3b1f
/usr/share/clion-2017.3.1/bin/cmake/bin/cmake -E cmake_link_script CMakeFiles/cmTC_b3b1f.dir/link.txt --verbose=1
/usr/bin/cc     -v CMakeFiles/cmTC_b3b1f.dir/CMakeCCompilerABI.c.o  -o cmTC_b3b1f 
Using built-in specs.
COLLECT_GCC=/usr/bin/cc
COLLECT_LTO_WRAPPER=/usr/lib/gcc/x86_64-linux-gnu/7/lto-wrapper
OFFLOAD_TARGET_NAMES=nvptx-none
OFFLOAD_TARGET_DEFAULT=1
Target: x86_64-linux-gnu
Configured with: ../src/configure -v --with-pkgversion='Ubuntu 7.3.0-11ubuntu1' --with-bugurl=file:///usr/share/doc/gcc-7/README.Bugs --enable-languages=c,ada,c++,go,brig,d,fortran,objc,obj-c++ --prefix=/usr --with-gcc-major-version-only --program-suffix=-7 --program-prefix=x86_64-linux-gnu- --enable-shared --enable-linker-build-id --libexecdir=/usr/lib --without-included-gettext --enable-threads=posix --libdir=/usr/lib --enable-nls --with-sysroot=/ --enable-clocale=gnu --enable-libstdcxx-debug --enable-libstdcxx-time=yes --with-default-libstdcxx-abi=new --enable-gnu-unique-object --disable-vtable-verify --enable-libmpx --enable-plugin --enable-default-pie --with-system-zlib --with-target-system-zlib --enable-objc-gc=auto --enable-multiarch --disable-werror --with-arch-32=i686 --with-abi=m64 --with-multilib-list=m32,m64,mx32 --enable-multilib --with-tune=generic --enable-offload-targets=nvptx-none --without-cuda-driver --enable-checking=release --build=x86_64-linux-gnu --host=x86_64-linux-gnu --target=x86_64-linux-gnu
Thread model: posix
gcc version 7.3.0 (Ubuntu 7.3.0-11ubuntu1) 
COMPILER_PATH=/usr/lib/gcc/x86_64-linux-gnu/7/:/usr/lib/gcc/x86_64-linux-gnu/7/:/usr/lib/gcc/x86_64-linux-gnu/:/usr/lib/gcc/x86_64-linux-gnu/7/:/usr/lib/gcc/x86_64-linux-gnu/
LIBRARY_PATH=/usr/lib/gcc/x86_64-linux-gnu/7/:/usr/lib/gcc/x86_64-linux-gnu/7/../../../x86_64-linux-gnu/:/usr/lib/gcc/x86_64-linux-gnu/7/../../../../lib/:/lib/x86_64-linux-gnu/:/lib/../lib/:/usr/lib/x86_64-linux-gnu/:/usr/lib/../lib/:/usr/lib/gcc/x86_64-linux-gnu/7/../../../:/lib/:/usr/lib/
COLLECT_GCC_OPTIONS='-v' '-o' 'cmTC_b3b1f' '-mtune=generic' '-march=x86-64'
 /usr/lib/gcc/x86_64-linux-gnu/7/collect2 -plugin /usr/lib/gcc/x86_64-linux-gnu/7/liblto_plugin.so -plugin-opt=/usr/lib/gcc/x86_64-linux-gnu/7/lto-wrapper -plugin-opt=-fresolution=/tmp/ccP3mCKC.res -plugin-opt=-pass-through=-lgcc -plugin-opt=-pass-through=-lgcc_s -plugin-opt=-pass-through=-lc -plugin-opt=-pass-through=-lgcc -plugin-opt=-pass-through=-lgcc_s --sysroot=/ --build-id --eh-frame-hdr -m elf_x86_64 --hash-style=gnu --as-needed -dynamic-linker /lib64/ld-linux-x86-64.so.2 -pie -z now -z relro -o cmTC_b3b1f /usr/lib/gcc/x86_64-linux-gnu/7/../../../x86_64-linux-gnu/Scrt1.o /usr/lib/gcc/x86_64-linux-gnu/7/../../../x86_64-linux-gnu/crti.o /usr/lib/gcc/x86_64-linux-gnu/7/crtbeginS.o -L/usr/lib/gcc/x86_64-linux-gnu/7 -L/usr/lib/gcc/x86_64-linux-gnu/7/../../../x86_64-linux-gnu -L/usr/lib/gcc/x86_64-linux-gnu/7/../../../../lib -L/lib/x86_64-linux-gnu -L/lib/../lib -L/usr/lib/x86_64-linux-gnu -L/usr/lib/../lib -L/usr/lib/gcc/x86_64-linux-gnu/7/../../.. CMakeFiles/cmTC_b3b1f.dir/CMakeCCompilerABI.c.o -lgcc --as-needed -lgcc_s --no-as-needed -lc -lgcc --as-needed -lgcc_s --no-as-needed /usr/lib/gcc/x86_64-linux-gnu/7/crtendS.o /usr/lib/gcc/x86_64-linux-gnu/7/../../../x86_64-linux-gnu/crtn.o
COLLECT_GCC_OPTIONS='-v' '-o' 'cmTC_b3b1f' '-mtune=generic' '-march=x86-64'
make[1]: Leaving directory '/home/victorvianna/Desktop/FaceTweaking/engine/CMakeFiles/CMakeTmp'


Parsed C implicit link information from above output:
  link line regex: [^( *|.*[/\])(ld|CMAKE_LINK_STARTFILE-NOTFOUND|([^/\]+-)?ld|collect2)[^/\]*( |$)]
  ignore line: [Change Dir: /home/victorvianna/Desktop/FaceTweaking/engine/CMakeFiles/CMakeTmp]
  ignore line: []
  ignore line: [Run Build Command:"/usr/bin/make" "cmTC_b3b1f/fast"]
  ignore line: [/usr/bin/make -f CMakeFiles/cmTC_b3b1f.dir/build.make CMakeFiles/cmTC_b3b1f.dir/build]
  ignore line: [make[1]: Entering directory '/home/victorvianna/Desktop/FaceTweaking/engine/CMakeFiles/CMakeTmp']
  ignore line: [Building C object CMakeFiles/cmTC_b3b1f.dir/CMakeCCompilerABI.c.o]
  ignore line: [/usr/bin/cc    -o CMakeFiles/cmTC_b3b1f.dir/CMakeCCompilerABI.c.o   -c /usr/share/clion-2017.3.1/bin/cmake/share/cmake-3.9/Modules/CMakeCCompilerABI.c]
  ignore line: [Linking C executable cmTC_b3b1f]
  ignore line: [/usr/share/clion-2017.3.1/bin/cmake/bin/cmake -E cmake_link_script CMakeFiles/cmTC_b3b1f.dir/link.txt --verbose=1]
  ignore line: [/usr/bin/cc     -v CMakeFiles/cmTC_b3b1f.dir/CMakeCCompilerABI.c.o  -o cmTC_b3b1f ]
  ignore line: [Using built-in specs.]
  ignore line: [COLLECT_GCC=/usr/bin/cc]
  ignore line: [COLLECT_LTO_WRAPPER=/usr/lib/gcc/x86_64-linux-gnu/7/lto-wrapper]
  ignore line: [OFFLOAD_TARGET_NAMES=nvptx-none]
  ignore line: [OFFLOAD_TARGET_DEFAULT=1]
  ignore line: [Target: x86_64-linux-gnu]
  ignore line: [Configured with: ../src/configure -v --with-pkgversion='Ubuntu 7.3.0-11ubuntu1' --with-bugurl=file:///usr/share/doc/gcc-7/README.Bugs --enable-languages=c,ada,c++,go,brig,d,fortran,objc,obj-c++ --prefix=/usr --with-gcc-major-version-only --program-suffix=-7 --program-prefix=x86_64-linux-gnu- --enable-shared --enable-linker-build-id --libexecdir=/usr/lib --without-included-gettext --enable-threads=posix --libdir=/usr/lib --enable-nls --with-sysroot=/ --enable-clocale=gnu --enable-libstdcxx-debug --enable-libstdcxx-time=yes --with-default-libstdcxx-abi=new --enable-gnu-unique-object --disable-vtable-verify --enable-libmpx --enable-plugin --enable-default-pie --with-system-zlib --with-target-system-zlib --enable-objc-gc=auto --enable-multiarch --disable-werror --with-arch-32=i686 --with-abi=m64 --with-multilib-list=m32,m64,mx32 --enable-multilib --with-tune=generic --enable-offload-targets=nvptx-none --without-cuda-driver --enable-checking=release --build=x86_64-linux-gnu --host=x86_64-linux-gnu --target=x86_64-linux-gnu]
  ignore line: [Thread model: posix]
  ignore line: [gcc version 7.3.0 (Ubuntu 7.3.0-11ubuntu1) ]
  ignore line: [COMPILER_PATH=/usr/lib/gcc/x86_64-linux-gnu/7/:/usr/lib/gcc/x86_64-linux-gnu/7/:/usr/lib/gcc/x86_64-linux-gnu/:/usr/lib/gcc/x86_64-linux-gnu/7/:/usr/lib/gcc/x86_64-linux-gnu/]
  ignore line: [LIBRARY_PATH=/usr/lib/gcc/x86_64-linux-gnu/7/:/usr/lib/gcc/x86_64-linux-gnu/7/../../../x86_64-linux-gnu/:/usr/lib/gcc/x86_64-linux-gnu/7/../../../../lib/:/lib/x86_64-linux-gnu/:/lib/../lib/:/usr/lib/x86_64-linux-gnu/:/usr/lib/../lib/:/usr/lib/gcc/x86_64-linux-gnu/7/../../../:/lib/:/usr/lib/]
  ignore line: [COLLECT_GCC_OPTIONS='-v' '-o' 'cmTC_b3b1f' '-mtune=generic' '-march=x86-64']
  link line: [ /usr/lib/gcc/x86_64-linux-gnu/7/collect2 -plugin /usr/lib/gcc/x86_64-linux-gnu/7/liblto_plugin.so -plugin-opt=/usr/lib/gcc/x86_64-linux-gnu/7/lto-wrapper -plugin-opt=-fresolution=/tmp/ccP3mCKC.res -plugin-opt=-pass-through=-lgcc -plugin-opt=-pass-through=-lgcc_s -plugin-opt=-pass-through=-lc -plugin-opt=-pass-through=-lgcc -plugin-opt=-pass-through=-lgcc_s --sysroot=/ --build-id --eh-frame-hdr -m elf_x86_64 --hash-style=gnu --as-needed -dynamic-linker /lib64/ld-linux-x86-64.so.2 -pie -z now -z relro -o cmTC_b3b1f /usr/lib/gcc/x86_64-linux-gnu/7/../../../x86_64-linux-gnu/Scrt1.o /usr/lib/gcc/x86_64-linux-gnu/7/../../../x86_64-linux-gnu/crti.o /usr/lib/gcc/x86_64-linux-gnu/7/crtbeginS.o -L/usr/lib/gcc/x86_64-linux-gnu/7 -L/usr/lib/gcc/x86_64-linux-gnu/7/../../../x86_64-linux-gnu -L/usr/lib/gcc/x86_64-linux-gnu/7/../../../../lib -L/lib/x86_64-linux-gnu -L/lib/../lib -L/usr/lib/x86_64-linux-gnu -L/usr/lib/../lib -L/usr/lib/gcc/x86_64-linux-gnu/7/../../.. CMakeFiles/cmTC_b3b1f.dir/CMakeCCompilerABI.c.o -lgcc --as-needed -lgcc_s --no-as-needed -lc -lgcc --as-needed -lgcc_s --no-as-needed /usr/lib/gcc/x86_64-linux-gnu/7/crtendS.o /usr/lib/gcc/x86_64-linux-gnu/7/../../../x86_64-linux-gnu/crtn.o]
    arg [/usr/lib/gcc/x86_64-linux-gnu/7/collect2] ==> ignore
    arg [-plugin] ==> ignore
    arg [/usr/lib/gcc/x86_64-linux-gnu/7/liblto_plugin.so] ==> ignore
    arg [-plugin-opt=/usr/lib/gcc/x86_64-linux-gnu/7/lto-wrapper] ==> ignore
    arg [-plugin-opt=-fresolution=/tmp/ccP3mCKC.res] ==> ignore
    arg [-plugin-opt=-pass-through=-lgcc] ==> ignore
    arg [-plugin-opt=-pass-through=-lgcc_s] ==> ignore
    arg [-plugin-opt=-pass-through=-lc] ==> ignore
    arg [-plugin-opt=-pass-through=-lgcc] ==> ignore
    arg [-plugin-opt=-pass-through=-lgcc_s] ==> ignore
    arg [--sysroot=/] ==> ignore
    arg [--build-id] ==> ignore
    arg [--eh-frame-hdr] ==> ignore
    arg [-m] ==> ignore
    arg [elf_x86_64] ==> ignore
    arg [--hash-style=gnu] ==> ignore
    arg [--as-needed] ==> ignore
    arg [-dynamic-linker] ==> ignore
    arg [/lib64/ld-linux-x86-64.so.2] ==> ignore
    arg [-pie] ==> ignore
    arg [-znow] ==> ignore
    arg [-zrelro] ==> ignore
    arg [-o] ==> ignore
    arg [cmTC_b3b1f] ==> ignore
    arg [/usr/lib/gcc/x86_64-linux-gnu/7/../../../x86_64-linux-gnu/Scrt1.o] ==> ignore
    arg [/usr/lib/gcc/x86_64-linux-gnu/7/../../../x86_64-linux-gnu/crti.o] ==> ignore
    arg [/usr/lib/gcc/x86_64-linux-gnu/7/crtbeginS.o] ==> ignore
    arg [-L/usr/lib/gcc/x86_64-linux-gnu/7] ==> dir [/usr/lib/gcc/x86_64-linux-gnu/7]
    arg [-L/usr/lib/gcc/x86_64-linux-gnu/7/../../../x86_64-linux-gnu] ==> dir [/usr/lib/gcc/x86_64-linux-gnu/7/../../../x86_64-linux-gnu]
    arg [-L/usr/lib/gcc/x86_64-linux-gnu/7/../../../../lib] ==> dir [/usr/lib/gcc/x86_64-linux-gnu/7/../../../../lib]
    arg [-L/lib/x86_64-linux-gnu] ==> dir [/lib/x86_64-linux-gnu]
    arg [-L/lib/../lib] ==> dir [/lib/../lib]
    arg [-L/usr/lib/x86_64-linux-gnu] ==> dir [/usr/lib/x86_64-linux-gnu]
    arg [-L/usr/lib/../lib] ==> dir [/usr/lib/../lib]
    arg [-L/usr/lib/gcc/x86_64-linux-gnu/7/../../..] ==> dir [/usr/lib/gcc/x86_64-linux-gnu/7/../../..]
    arg [CMakeFiles/cmTC_b3b1f.dir/CMakeCCompilerABI.c.o] ==> ignore
    arg [-lgcc] ==> lib [gcc]
    arg [--as-needed] ==> ignore
    arg [-lgcc_s] ==> lib [gcc_s]
    arg [--no-as-needed] ==> ignore
    arg [-lc] ==> lib [c]
    arg [-lgcc] ==> lib [gcc]
    arg [--as-needed] ==> ignore
    arg [-lgcc_s] ==> lib [gcc_s]
    arg [--no-as-needed] ==> ignore
    arg [/usr/lib/gcc/x86_64-linux-gnu/7/crtendS.o] ==> ignore
    arg [/usr/lib/gcc/x86_64-linux-gnu/7/../../../x86_64-linux-gnu/crtn.o] ==> ignore
  collapse library dir [/usr/lib/gcc/x86_64-linux-gnu/7] ==> [/usr/lib/gcc/x86_64-linux-gnu/7]
  collapse library dir [/usr/lib/gcc/x86_64-linux-gnu/7/../../../x86_64-linux-gnu] ==> [/usr/lib/x86_64-linux-gnu]
  collapse library dir [/usr/lib/gcc/x86_64-linux-gnu/7/../../../../lib] ==> [/usr/lib]
  collapse library dir [/lib/x86_64-linux-gnu] ==> [/lib/x86_64-linux-gnu]
  collapse library dir [/lib/../lib] ==> [/lib]
  collapse library dir [/usr/lib/x86_64-linux-gnu] ==> [/usr/lib/x86_64-linux-gnu]
  collapse library dir [/usr/lib/../lib] ==> [/usr/lib]
  collapse library dir [/usr/lib/gcc/x86_64-linux-gnu/7/../../..] ==> [/usr/lib]
  implicit libs: [gcc;gcc_s;c;gcc;gcc_s]
  implicit dirs: [/usr/lib/gcc/x86_64-linux-gnu/7;/usr/lib/x86_64-linux-gnu;/usr/lib;/lib/x86_64-linux-gnu;/lib]
  implicit fwks: []




Detecting C [-std=c11] compiler features compiled with the following output:
Change Dir: /home/victorvianna/Desktop/FaceTweaking/engine/CMakeFiles/CMakeTmp

Run Build Command:"/usr/bin/make" "cmTC_7e810/fast"
/usr/bin/make -f CMakeFiles/cmTC_7e810.dir/build.make CMakeFiles/cmTC_7e810.dir/build
make[1]: Entering directory '/home/victorvianna/Desktop/FaceTweaking/engine/CMakeFiles/CMakeTmp'
Building C object CMakeFiles/cmTC_7e810.dir/feature_tests.c.o
/usr/bin/cc   -std=c11 -o CMakeFiles/cmTC_7e810.dir/feature_tests.c.o   -c /home/victorvianna/Desktop/FaceTweaking/engine/CMakeFiles/feature_tests.c
Linking C executable cmTC_7e810
/usr/share/clion-2017.3.1/bin/cmake/bin/cmake -E cmake_link_script CMakeFiles/cmTC_7e810.dir/link.txt --verbose=1
/usr/bin/cc      CMakeFiles/cmTC_7e810.dir/feature_tests.c.o  -o cmTC_7e810 
make[1]: Leaving directory '/home/victorvianna/Desktop/FaceTweaking/engine/CMakeFiles/CMakeTmp'


    Feature record: C_FEATURE:1c_function_prototypes
    Feature record: C_FEATURE:1c_restrict
    Feature record: C_FEATURE:1c_static_assert
    Feature record: C_FEATURE:1c_variadic_macros


Detecting C [-std=c99] compiler features compiled with the following output:
Change Dir: /home/victorvianna/Desktop/FaceTweaking/engine/CMakeFiles/CMakeTmp

Run Build Command:"/usr/bin/make" "cmTC_2dd01/fast"
/usr/bin/make -f CMakeFiles/cmTC_2dd01.dir/build.make CMakeFiles/cmTC_2dd01.dir/build
make[1]: Entering directory '/home/victorvianna/Desktop/FaceTweaking/engine/CMakeFiles/CMakeTmp'
Building C object CMakeFiles/cmTC_2dd01.dir/feature_tests.c.o
/usr/bin/cc   -std=c99 -o CMakeFiles/cmTC_2dd01.dir/feature_tests.c.o   -c /home/victorvianna/Desktop/FaceTweaking/engine/CMakeFiles/feature_tests.c
Linking C executable cmTC_2dd01
/usr/share/clion-2017.3.1/bin/cmake/bin/cmake -E cmake_link_script CMakeFiles/cmTC_2dd01.dir/link.txt --verbose=1
/usr/bin/cc      CMakeFiles/cmTC_2dd01.dir/feature_tests.c.o  -o cmTC_2dd01 
make[1]: Leaving directory '/home/victorvianna/Desktop/FaceTweaking/engine/CMakeFiles/CMakeTmp'


    Feature record: C_FEATURE:1c_function_prototypes
    Feature record: C_FEATURE:1c_restrict
    Feature record: C_FEATURE:0c_static_assert
    Feature record: C_FEATURE:1c_variadic_macros


Detecting C [-std=c90] compiler features compiled with the following output:
Change Dir: /home/victorvianna/Desktop/FaceTweaking/engine/CMakeFiles/CMakeTmp

Run Build Command:"/usr/bin/make" "cmTC_13119/fast"
/usr/bin/make -f CMakeFiles/cmTC_13119.dir/build.make CMakeFiles/cmTC_13119.dir/build
make[1]: Entering directory '/home/victorvianna/Desktop/FaceTweaking/engine/CMakeFiles/CMakeTmp'
Building C object CMakeFiles/cmTC_13119.dir/feature_tests.c.o
/usr/bin/cc   -std=c90 -o CMakeFiles/cmTC_13119.dir/feature_tests.c.o   -c /home/victorvianna/Desktop/FaceTweaking/engine/CMakeFiles/feature_tests.c
Linking C executable cmTC_13119
/usr/share/clion-2017.3.1/bin/cmake/bin/cmake -E cmake_link_script CMakeFiles/cmTC_13119.dir/link.txt --verbose=1
/usr/bin/cc      CMakeFiles/cmTC_13119.dir/feature_tests.c.o  -o cmTC_13119 
make[1]: Leaving directory '/home/victorvianna/Desktop/FaceTweaking/engine/CMakeFiles/CMakeTmp'


    Feature record: C_FEATURE:1c_function_prototypes
    Feature record: C_FEATURE:0c_restrict
    Feature record: C_FEATURE:0c_static_assert
    Feature record: C_FEATURE:0c_variadic_macros
Determining if the CXX compiler works passed with the following output:
Change Dir: /home/victorvianna/Desktop/FaceTweaking/engine/CMakeFiles/CMakeTmp

Run Build Command:"/usr/bin/make" "cmTC_01abf/fast"
/usr/bin/make -f CMakeFiles/cmTC_01abf.dir/build.make CMakeFiles/cmTC_01abf.dir/build
make[1]: Entering directory '/home/victorvianna/Desktop/FaceTweaking/engine/CMakeFiles/CMakeTmp'
Building CXX object CMakeFiles/cmTC_01abf.dir/testCXXCompiler.cxx.o
/usr/bin/c++     -o CMakeFiles/cmTC_01abf.dir/testCXXCompiler.cxx.o -c /home/victorvianna/Desktop/FaceTweaking/engine/CMakeFiles/CMakeTmp/testCXXCompiler.cxx
Linking CXX executable cmTC_01abf
/usr/share/clion-2017.3.1/bin/cmake/bin/cmake -E cmake_link_script CMakeFiles/cmTC_01abf.dir/link.txt --verbose=1
/usr/bin/c++       CMakeFiles/cmTC_01abf.dir/testCXXCompiler.cxx.o  -o cmTC_01abf 
make[1]: Leaving directory '/home/victorvianna/Desktop/FaceTweaking/engine/CMakeFiles/CMakeTmp'


Detecting CXX compiler ABI info compiled with the following output:
Change Dir: /home/victorvianna/Desktop/FaceTweaking/engine/CMakeFiles/CMakeTmp

Run Build Command:"/usr/bin/make" "cmTC_76828/fast"
/usr/bin/make -f CMakeFiles/cmTC_76828.dir/build.make CMakeFiles/cmTC_76828.dir/build
make[1]: Entering directory '/home/victorvianna/Desktop/FaceTweaking/engine/CMakeFiles/CMakeTmp'
Building CXX object CMakeFiles/cmTC_76828.dir/CMakeCXXCompilerABI.cpp.o
/usr/bin/c++     -o CMakeFiles/cmTC_76828.dir/CMakeCXXCompilerABI.cpp.o -c /usr/share/clion-2017.3.1/bin/cmake/share/cmake-3.9/Modules/CMakeCXXCompilerABI.cpp
Linking CXX executable cmTC_76828
/usr/share/clion-2017.3.1/bin/cmake/bin/cmake -E cmake_link_script CMakeFiles/cmTC_76828.dir/link.txt --verbose=1
/usr/bin/c++      -v CMakeFiles/cmTC_76828.dir/CMakeCXXCompilerABI.cpp.o  -o cmTC_76828 
Using built-in specs.
COLLECT_GCC=/usr/bin/c++
COLLECT_LTO_WRAPPER=/usr/lib/gcc/x86_64-linux-gnu/7/lto-wrapper
OFFLOAD_TARGET_NAMES=nvptx-none
OFFLOAD_TARGET_DEFAULT=1
Target: x86_64-linux-gnu
Configured with: ../src/configure -v --with-pkgversion='Ubuntu 7.3.0-11ubuntu1' --with-bugurl=file:///usr/share/doc/gcc-7/README.Bugs --enable-languages=c,ada,c++,go,brig,d,fortran,objc,obj-c++ --prefix=/usr --with-gcc-major-version-only --program-suffix=-7 --program-prefix=x86_64-linux-gnu- --enable-shared --enable-linker-build-id --libexecdir=/usr/lib --without-included-gettext --enable-threads=posix --libdir=/usr/lib --enable-nls --with-sysroot=/ --enable-clocale=gnu --enable-libstdcxx-debug --enable-libstdcxx-time=yes --with-default-libstdcxx-abi=new --enable-gnu-unique-object --disable-vtable-verify --enable-libmpx --enable-plugin --enable-default-pie --with-system-zlib --with-target-system-zlib --enable-objc-gc=auto --enable-multiarch --disable-werror --with-arch-32=i686 --with-abi=m64 --with-multilib-list=m32,m64,mx32 --enable-multilib --with-tune=generic --enable-offload-targets=nvptx-none --without-cuda-driver --enable-checking=release --build=x86_64-linux-gnu --host=x86_64-linux-gnu --target=x86_64-linux-gnu
Thread model: posix
gcc version 7.3.0 (Ubuntu 7.3.0-11ubuntu1) 
COMPILER_PATH=/usr/lib/gcc/x86_64-linux-gnu/7/:/usr/lib/gcc/x86_64-linux-gnu/7/:/usr/lib/gcc/x86_64-linux-gnu/:/usr/lib/gcc/x86_64-linux-gnu/7/:/usr/lib/gcc/x86_64-linux-gnu/
LIBRARY_PATH=/usr/lib/gcc/x86_64-linux-gnu/7/:/usr/lib/gcc/x86_64-linux-gnu/7/../../../x86_64-linux-gnu/:/usr/lib/gcc/x86_64-linux-gnu/7/../../../../lib/:/lib/x86_64-linux-gnu/:/lib/../lib/:/usr/lib/x86_64-linux-gnu/:/usr/lib/../lib/:/usr/lib/gcc/x86_64-linux-gnu/7/../../../:/lib/:/usr/lib/
COLLECT_GCC_OPTIONS='-v' '-o' 'cmTC_76828' '-shared-libgcc' '-mtune=generic' '-march=x86-64'
 /usr/lib/gcc/x86_64-linux-gnu/7/collect2 -plugin /usr/lib/gcc/x86_64-linux-gnu/7/liblto_plugin.so -plugin-opt=/usr/lib/gcc/x86_64-linux-gnu/7/lto-wrapper -plugin-opt=-fresolution=/tmp/ccI8YBnu.res -plugin-opt=-pass-through=-lgcc_s -plugin-opt=-pass-through=-lgcc -plugin-opt=-pass-through=-lc -plugin-opt=-pass-through=-lgcc_s -plugin-opt=-pass-through=-lgcc --sysroot=/ --build-id --eh-frame-hdr -m elf_x86_64 --hash-style=gnu --as-needed -dynamic-linker /lib64/ld-linux-x86-64.so.2 -pie -z now -z relro -o cmTC_76828 /usr/lib/gcc/x86_64-linux-gnu/7/../../../x86_64-linux-gnu/Scrt1.o /usr/lib/gcc/x86_64-linux-gnu/7/../../../x86_64-linux-gnu/crti.o /usr/lib/gcc/x86_64-linux-gnu/7/crtbeginS.o -L/usr/lib/gcc/x86_64-linux-gnu/7 -L/usr/lib/gcc/x86_64-linux-gnu/7/../../../x86_64-linux-gnu -L/usr/lib/gcc/x86_64-linux-gnu/7/../../../../lib -L/lib/x86_64-linux-gnu -L/lib/../lib -L/usr/lib/x86_64-linux-gnu -L/usr/lib/../lib -L/usr/lib/gcc/x86_64-linux-gnu/7/../../.. CMakeFiles/cmTC_76828.dir/CMakeCXXCompilerABI.cpp.o -lstdc++ -lm -lgcc_s -lgcc -lc -lgcc_s -lgcc /usr/lib/gcc/x86_64-linux-gnu/7/crtendS.o /usr/lib/gcc/x86_64-linux-gnu/7/../../../x86_64-linux-gnu/crtn.o
COLLECT_GCC_OPTIONS='-v' '-o' 'cmTC_76828' '-shared-libgcc' '-mtune=generic' '-march=x86-64'
make[1]: Leaving directory '/home/victorvianna/Desktop/FaceTweaking/engine/CMakeFiles/CMakeTmp'


Parsed CXX implicit link information from above output:
  link line regex: [^( *|.*[/\])(ld|CMAKE_LINK_STARTFILE-NOTFOUND|([^/\]+-)?ld|collect2)[^/\]*( |$)]
  ignore line: [Change Dir: /home/victorvianna/Desktop/FaceTweaking/engine/CMakeFiles/CMakeTmp]
  ignore line: []
  ignore line: [Run Build Command:"/usr/bin/make" "cmTC_76828/fast"]
  ignore line: [/usr/bin/make -f CMakeFiles/cmTC_76828.dir/build.make CMakeFiles/cmTC_76828.dir/build]
  ignore line: [make[1]: Entering directory '/home/victorvianna/Desktop/FaceTweaking/engine/CMakeFiles/CMakeTmp']
  ignore line: [Building CXX object CMakeFiles/cmTC_76828.dir/CMakeCXXCompilerABI.cpp.o]
  ignore line: [/usr/bin/c++     -o CMakeFiles/cmTC_76828.dir/CMakeCXXCompilerABI.cpp.o -c /usr/share/clion-2017.3.1/bin/cmake/share/cmake-3.9/Modules/CMakeCXXCompilerABI.cpp]
  ignore line: [Linking CXX executable cmTC_76828]
  ignore line: [/usr/share/clion-2017.3.1/bin/cmake/bin/cmake -E cmake_link_script CMakeFiles/cmTC_76828.dir/link.txt --verbose=1]
  ignore line: [/usr/bin/c++      -v CMakeFiles/cmTC_76828.dir/CMakeCXXCompilerABI.cpp.o  -o cmTC_76828 ]
  ignore line: [Using built-in specs.]
  ignore line: [COLLECT_GCC=/usr/bin/c++]
  ignore line: [COLLECT_LTO_WRAPPER=/usr/lib/gcc/x86_64-linux-gnu/7/lto-wrapper]
  ignore line: [OFFLOAD_TARGET_NAMES=nvptx-none]
  ignore line: [OFFLOAD_TARGET_DEFAULT=1]
  ignore line: [Target: x86_64-linux-gnu]
  ignore line: [Configured with: ../src/configure -v --with-pkgversion='Ubuntu 7.3.0-11ubuntu1' --with-bugurl=file:///usr/share/doc/gcc-7/README.Bugs --enable-languages=c,ada,c++,go,brig,d,fortran,objc,obj-c++ --prefix=/usr --with-gcc-major-version-only --program-suffix=-7 --program-prefix=x86_64-linux-gnu- --enable-shared --enable-linker-build-id --libexecdir=/usr/lib --without-included-gettext --enable-threads=posix --libdir=/usr/lib --enable-nls --with-sysroot=/ --enable-clocale=gnu --enable-libstdcxx-debug --enable-libstdcxx-time=yes --with-default-libstdcxx-abi=new --enable-gnu-unique-object --disable-vtable-verify --enable-libmpx --enable-plugin --enable-default-pie --with-system-zlib --with-target-system-zlib --enable-objc-gc=auto --enable-multiarch --disable-werror --with-arch-32=i686 --with-abi=m64 --with-multilib-list=m32,m64,mx32 --enable-multilib --with-tune=generic --enable-offload-targets=nvptx-none --without-cuda-driver --enable-checking=release --build=x86_64-linux-gnu --host=x86_64-linux-gnu --target=x86_64-linux-gnu]
  ignore line: [Thread model: posix]
  ignore line: [gcc version 7.3.0 (Ubuntu 7.3.0-11ubuntu1) ]
  ignore line: [COMPILER_PATH=/usr/lib/gcc/x86_64-linux-gnu/7/:/usr/lib/gcc/x86_64-linux-gnu/7/:/usr/lib/gcc/x86_64-linux-gnu/:/usr/lib/gcc/x86_64-linux-gnu/7/:/usr/lib/gcc/x86_64-linux-gnu/]
  ignore line: [LIBRARY_PATH=/usr/lib/gcc/x86_64-linux-gnu/7/:/usr/lib/gcc/x86_64-linux-gnu/7/../../../x86_64-linux-gnu/:/usr/lib/gcc/x86_64-linux-gnu/7/../../../../lib/:/lib/x86_64-linux-gnu/:/lib/../lib/:/usr/lib/x86_64-linux-gnu/:/usr/lib/../lib/:/usr/lib/gcc/x86_64-linux-gnu/7/../../../:/lib/:/usr/lib/]
  ignore line: [COLLECT_GCC_OPTIONS='-v' '-o' 'cmTC_76828' '-shared-libgcc' '-mtune=generic' '-march=x86-64']
  link line: [ /usr/lib/gcc/x86_64-linux-gnu/7/collect2 -plugin /usr/lib/gcc/x86_64-linux-gnu/7/liblto_plugin.so -plugin-opt=/usr/lib/gcc/x86_64-linux-gnu/7/lto-wrapper -plugin-opt=-fresolution=/tmp/ccI8YBnu.res -plugin-opt=-pass-through=-lgcc_s -plugin-opt=-pass-through=-lgcc -plugin-opt=-pass-through=-lc -plugin-opt=-pass-through=-lgcc_s -plugin-opt=-pass-through=-lgcc --sysroot=/ --build-id --eh-frame-hdr -m elf_x86_64 --hash-style=gnu --as-needed -dynamic-linker /lib64/ld-linux-x86-64.so.2 -pie -z now -z relro -o cmTC_76828 /usr/lib/gcc/x86_64-linux-gnu/7/../../../x86_64-linux-gnu/Scrt1.o /usr/lib/gcc/x86_64-linux-gnu/7/../../../x86_64-linux-gnu/crti.o /usr/lib/gcc/x86_64-linux-gnu/7/crtbeginS.o -L/usr/lib/gcc/x86_64-linux-gnu/7 -L/usr/lib/gcc/x86_64-linux-gnu/7/../../../x86_64-linux-gnu -L/usr/lib/gcc/x86_64-linux-gnu/7/../../../../lib -L/lib/x86_64-linux-gnu -L/lib/../lib -L/usr/lib/x86_64-linux-gnu -L/usr/lib/../lib -L/usr/lib/gcc/x86_64-linux-gnu/7/../../.. CMakeFiles/cmTC_76828.dir/CMakeCXXCompilerABI.cpp.o -lstdc++ -lm -lgcc_s -lgcc -lc -lgcc_s -lgcc /usr/lib/gcc/x86_64-linux-gnu/7/crtendS.o /usr/lib/gcc/x86_64-linux-gnu/7/../../../x86_64-linux-gnu/crtn.o]
    arg [/usr/lib/gcc/x86_64-linux-gnu/7/collect2] ==> ignore
    arg [-plugin] ==> ignore
    arg [/usr/lib/gcc/x86_64-linux-gnu/7/liblto_plugin.so] ==> ignore
    arg [-plugin-opt=/usr/lib/gcc/x86_64-linux-gnu/7/lto-wrapper] ==> ignore
    arg [-plugin-opt=-fresolution=/tmp/ccI8YBnu.res] ==> ignore
    arg [-plugin-opt=-pass-through=-lgcc_s] ==> ignore
    arg [-plugin-opt=-pass-through=-lgcc] ==> ignore
    arg [-plugin-opt=-pass-through=-lc] ==> ignore
    arg [-plugin-opt=-pass-through=-lgcc_s] ==> ignore
    arg [-plugin-opt=-pass-through=-lgcc] ==> ignore
    arg [--sysroot=/] ==> ignore
    arg [--build-id] ==> ignore
    arg [--eh-frame-hdr] ==> ignore
    arg [-m] ==> ignore
    arg [elf_x86_64] ==> ignore
    arg [--hash-style=gnu] ==> ignore
    arg [--as-needed] ==> ignore
    arg [-dynamic-linker] ==> ignore
    arg [/lib64/ld-linux-x86-64.so.2] ==> ignore
    arg [-pie] ==> ignore
    arg [-znow] ==> ignore
    arg [-zrelro] ==> ignore
    arg [-o] ==> ignore
    arg [cmTC_76828] ==> ignore
    arg [/usr/lib/gcc/x86_64-linux-gnu/7/../../../x86_64-linux-gnu/Scrt1.o] ==> ignore
    arg [/usr/lib/gcc/x86_64-linux-gnu/7/../../../x86_64-linux-gnu/crti.o] ==> ignore
    arg [/usr/lib/gcc/x86_64-linux-gnu/7/crtbeginS.o] ==> ignore
    arg [-L/usr/lib/gcc/x86_64-linux-gnu/7] ==> dir [/usr/lib/gcc/x86_64-linux-gnu/7]
    arg [-L/usr/lib/gcc/x86_64-linux-gnu/7/../../../x86_64-linux-gnu] ==> dir [/usr/lib/gcc/x86_64-linux-gnu/7/../../../x86_64-linux-gnu]
    arg [-L/usr/lib/gcc/x86_64-linux-gnu/7/../../../../lib] ==> dir [/usr/lib/gcc/x86_64-linux-gnu/7/../../../../lib]
    arg [-L/lib/x86_64-linux-gnu] ==> dir [/lib/x86_64-linux-gnu]
    arg [-L/lib/../lib] ==> dir [/lib/../lib]
    arg [-L/usr/lib/x86_64-linux-gnu] ==> dir [/usr/lib/x86_64-linux-gnu]
    arg [-L/usr/lib/../lib] ==> dir [/usr/lib/../lib]
    arg [-L/usr/lib/gcc/x86_64-linux-gnu/7/../../..] ==> dir [/usr/lib/gcc/x86_64-linux-gnu/7/../../..]
    arg [CMakeFiles/cmTC_76828.dir/CMakeCXXCompilerABI.cpp.o] ==> ignore
    arg [-lstdc++] ==> lib [stdc++]
    arg [-lm] ==> lib [m]
    arg [-lgcc_s] ==> lib [gcc_s]
    arg [-lgcc] ==> lib [gcc]
    arg [-lc] ==> lib [c]
    arg [-lgcc_s] ==> lib [gcc_s]
    arg [-lgcc] ==> lib [gcc]
    arg [/usr/lib/gcc/x86_64-linux-gnu/7/crtendS.o] ==> ignore
    arg [/usr/lib/gcc/x86_64-linux-gnu/7/../../../x86_64-linux-gnu/crtn.o] ==> ignore
  collapse library dir [/usr/lib/gcc/x86_64-linux-gnu/7] ==> [/usr/lib/gcc/x86_64-linux-gnu/7]
  collapse library dir [/usr/lib/gcc/x86_64-linux-gnu/7/../../../x86_64-linux-gnu] ==> [/usr/lib/x86_64-linux-gnu]
  collapse library dir [/usr/lib/gcc/x86_64-linux-gnu/7/../../../../lib] ==> [/usr/lib]
  collapse library dir [/lib/x86_64-linux-gnu] ==> [/lib/x86_64-linux-gnu]
  collapse library dir [/lib/../lib] ==> [/lib]
  collapse library dir [/usr/lib/x86_64-linux-gnu] ==> [/usr/lib/x86_64-linux-gnu]
  collapse library dir [/usr/lib/../lib] ==> [/usr/lib]
  collapse library dir [/usr/lib/gcc/x86_64-linux-gnu/7/../../..] ==> [/usr/lib]
  implicit libs: [stdc++;m;gcc_s;gcc;c;gcc_s;gcc]
  implicit dirs: [/usr/lib/gcc/x86_64-linux-gnu/7;/usr/lib/x86_64-linux-gnu;/usr/lib;/lib/x86_64-linux-gnu;/lib]
  implicit fwks: []




Detecting CXX [-std=c++1z] compiler features compiled with the following output:
Change Dir: /home/victorvianna/Desktop/FaceTweaking/engine/CMakeFiles/CMakeTmp

Run Build Command:"/usr/bin/make" "cmTC_5c171/fast"
/usr/bin/make -f CMakeFiles/cmTC_5c171.dir/build.make CMakeFiles/cmTC_5c171.dir/build
make[1]: Entering directory '/home/victorvianna/Desktop/FaceTweaking/engine/CMakeFiles/CMakeTmp'
Building CXX object CMakeFiles/cmTC_5c171.dir/feature_tests.cxx.o
/usr/bin/c++    -std=c++1z -o CMakeFiles/cmTC_5c171.dir/feature_tests.cxx.o -c /home/victorvianna/Desktop/FaceTweaking/engine/CMakeFiles/feature_tests.cxx
Linking CXX executable cmTC_5c171
/usr/share/clion-2017.3.1/bin/cmake/bin/cmake -E cmake_link_script CMakeFiles/cmTC_5c171.dir/link.txt --verbose=1
/usr/bin/c++       CMakeFiles/cmTC_5c171.dir/feature_tests.cxx.o  -o cmTC_5c171 
make[1]: Leaving directory '/home/victorvianna/Desktop/FaceTweaking/engine/CMakeFiles/CMakeTmp'


    Feature record: CXX_FEATURE:1cxx_aggregate_default_initializers
    Feature record: CXX_FEATURE:1cxx_alias_templates
    Feature record: CXX_FEATURE:1cxx_alignas
    Feature record: CXX_FEATURE:1cxx_alignof
    Feature record: CXX_FEATURE:1cxx_attributes
    Feature record: CXX_FEATURE:1cxx_attribute_deprecated
    Feature record: CXX_FEATURE:1cxx_auto_type
    Feature record: CXX_FEATURE:1cxx_binary_literals
    Feature record: CXX_FEATURE:1cxx_constexpr
    Feature record: CXX_FEATURE:1cxx_contextual_conversions
    Feature record: CXX_FEATURE:1cxx_decltype
    Feature record: CXX_FEATURE:1cxx_decltype_auto
    Feature record: CXX_FEATURE:1cxx_decltype_incomplete_return_types
    Feature record: CXX_FEATURE:1cxx_default_function_template_args
    Feature record: CXX_FEATURE:1cxx_defaulted_functions
    Feature record: CXX_FEATURE:1cxx_defaulted_move_initializers
    Feature record: CXX_FEATURE:1cxx_delegating_constructors
    Feature record: CXX_FEATURE:1cxx_deleted_functions
    Feature record: CXX_FEATURE:1cxx_digit_separators
    Feature record: CXX_FEATURE:1cxx_enum_forward_declarations
    Feature record: CXX_FEATURE:1cxx_explicit_conversions
    Feature record: CXX_FEATURE:1cxx_extended_friend_declarations
    Feature record: CXX_FEATURE:1cxx_extern_templates
    Feature record: CXX_FEATURE:1cxx_final
    Feature record: CXX_FEATURE:1cxx_func_identifier
    Feature record: CXX_FEATURE:1cxx_generalized_initializers
    Feature record: CXX_FEATURE:1cxx_generic_lambdas
    Feature record: CXX_FEATURE:1cxx_inheriting_constructors
    Feature record: CXX_FEATURE:1cxx_inline_namespaces
    Feature record: CXX_FEATURE:1cxx_lambdas
    Feature record: CXX_FEATURE:1cxx_lambda_init_captures
    Feature record: CXX_FEATURE:1cxx_local_type_template_args
    Feature record: CXX_FEATURE:1cxx_long_long_type
    Feature record: CXX_FEATURE:1cxx_noexcept
    Feature record: CXX_FEATURE:1cxx_nonstatic_member_init
    Feature record: CXX_FEATURE:1cxx_nullptr
    Feature record: CXX_FEATURE:1cxx_override
    Feature record: CXX_FEATURE:1cxx_range_for
    Feature record: CXX_FEATURE:1cxx_raw_string_literals
    Feature record: CXX_FEATURE:1cxx_reference_qualified_functions
    Feature record: CXX_FEATURE:1cxx_relaxed_constexpr
    Feature record: CXX_FEATURE:1cxx_return_type_deduction
    Feature record: CXX_FEATURE:1cxx_right_angle_brackets
    Feature record: CXX_FEATURE:1cxx_rvalue_references
    Feature record: CXX_FEATURE:1cxx_sizeof_member
    Feature record: CXX_FEATURE:1cxx_static_assert
    Feature record: CXX_FEATURE:1cxx_strong_enums
    Feature record: CXX_FEATURE:1cxx_template_template_parameters
    Feature record: CXX_FEATURE:1cxx_thread_local
    Feature record: CXX_FEATURE:1cxx_trailing_return_types
    Feature record: CXX_FEATURE:1cxx_unicode_literals
    Feature record: CXX_FEATURE:1cxx_uniform_initialization
    Feature record: CXX_FEATURE:1cxx_unrestricted_unions
    Feature record: CXX_FEATURE:1cxx_user_literals
    Feature record: CXX_FEATURE:1cxx_variable_templates
    Feature record: CXX_FEATURE:1cxx_variadic_macros
    Feature record: CXX_FEATURE:1cxx_variadic_templates


Detecting CXX [-std=c++14] compiler features compiled with the following output:
Change Dir: /home/victorvianna/Desktop/FaceTweaking/engine/CMakeFiles/CMakeTmp

Run Build Command:"/usr/bin/make" "cmTC_f9dc2/fast"
/usr/bin/make -f CMakeFiles/cmTC_f9dc2.dir/build.make CMakeFiles/cmTC_f9dc2.dir/build
make[1]: Entering directory '/home/victorvianna/Desktop/FaceTweaking/engine/CMakeFiles/CMakeTmp'
Building CXX object CMakeFiles/cmTC_f9dc2.dir/feature_tests.cxx.o
/usr/bin/c++    -std=c++14 -o CMakeFiles/cmTC_f9dc2.dir/feature_tests.cxx.o -c /home/victorvianna/Desktop/FaceTweaking/engine/CMakeFiles/feature_tests.cxx
Linking CXX executable cmTC_f9dc2
/usr/share/clion-2017.3.1/bin/cmake/bin/cmake -E cmake_link_script CMakeFiles/cmTC_f9dc2.dir/link.txt --verbose=1
/usr/bin/c++       CMakeFiles/cmTC_f9dc2.dir/feature_tests.cxx.o  -o cmTC_f9dc2 
make[1]: Leaving directory '/home/victorvianna/Desktop/FaceTweaking/engine/CMakeFiles/CMakeTmp'


    Feature record: CXX_FEATURE:1cxx_aggregate_default_initializers
    Feature record: CXX_FEATURE:1cxx_alias_templates
    Feature record: CXX_FEATURE:1cxx_alignas
    Feature record: CXX_FEATURE:1cxx_alignof
    Feature record: CXX_FEATURE:1cxx_attributes
    Feature record: CXX_FEATURE:1cxx_attribute_deprecated
    Feature record: CXX_FEATURE:1cxx_auto_type
    Feature record: CXX_FEATURE:1cxx_binary_literals
    Feature record: CXX_FEATURE:1cxx_constexpr
    Feature record: CXX_FEATURE:1cxx_contextual_conversions
    Feature record: CXX_FEATURE:1cxx_decltype
    Feature record: CXX_FEATURE:1cxx_decltype_auto
    Feature record: CXX_FEATURE:1cxx_decltype_incomplete_return_types
    Feature record: CXX_FEATURE:1cxx_default_function_template_args
    Feature record: CXX_FEATURE:1cxx_defaulted_functions
    Feature record: CXX_FEATURE:1cxx_defaulted_move_initializers
    Feature record: CXX_FEATURE:1cxx_delegating_constructors
    Feature record: CXX_FEATURE:1cxx_deleted_functions
    Feature record: CXX_FEATURE:1cxx_digit_separators
    Feature record: CXX_FEATURE:1cxx_enum_forward_declarations
    Feature record: CXX_FEATURE:1cxx_explicit_conversions
    Feature record: CXX_FEATURE:1cxx_extended_friend_declarations
    Feature record: CXX_FEATURE:1cxx_extern_templates
    Feature record: CXX_FEATURE:1cxx_final
    Feature record: CXX_FEATURE:1cxx_func_identifier
    Feature record: CXX_FEATURE:1cxx_generalized_initializers
    Feature record: CXX_FEATURE:1cxx_generic_lambdas
    Feature record: CXX_FEATURE:1cxx_inheriting_constructors
    Feature record: CXX_FEATURE:1cxx_inline_namespaces
    Feature record: CXX_FEATURE:1cxx_lambdas
    Feature record: CXX_FEATURE:1cxx_lambda_init_captures
    Feature record: CXX_FEATURE:1cxx_local_type_template_args
    Feature record: CXX_FEATURE:1cxx_long_long_type
    Feature record: CXX_FEATURE:1cxx_noexcept
    Feature record: CXX_FEATURE:1cxx_nonstatic_member_init
    Feature record: CXX_FEATURE:1cxx_nullptr
    Feature record: CXX_FEATURE:1cxx_override
    Feature record: CXX_FEATURE:1cxx_range_for
    Feature record: CXX_FEATURE:1cxx_raw_string_literals
    Feature record: CXX_FEATURE:1cxx_reference_qualified_functions
    Feature record: CXX_FEATURE:1cxx_relaxed_constexpr
    Feature record: CXX_FEATURE:1cxx_return_type_deduction
    Feature record: CXX_FEATURE:1cxx_right_angle_brackets
    Feature record: CXX_FEATURE:1cxx_rvalue_references
    Feature record: CXX_FEATURE:1cxx_sizeof_member
    Feature record: CXX_FEATURE:1cxx_static_assert
    Feature record: CXX_FEATURE:1cxx_strong_enums
    Feature record: CXX_FEATURE:1cxx_template_template_parameters
    Feature record: CXX_FEATURE:1cxx_thread_local
    Feature record: CXX_FEATURE:1cxx_trailing_return_types
    Feature record: CXX_FEATURE:1cxx_unicode_literals
    Feature record: CXX_FEATURE:1cxx_uniform_initialization
    Feature record: CXX_FEATURE:1cxx_unrestricted_unions
    Feature record: CXX_FEATURE:1cxx_user_literals
    Feature record: CXX_FEATURE:1cxx_variable_templates
    Feature record: CXX_FEATURE:1cxx_variadic_macros
    Feature record: CXX_FEATURE:1cxx_variadic_templates


Detecting CXX [-std=c++11] compiler features compiled with the following output:
Change Dir: /home/victorvianna/Desktop/FaceTweaking/engine/CMakeFiles/CMakeTmp

Run Build Command:"/usr/bin/make" "cmTC_46243/fast"
/usr/bin/make -f CMakeFiles/cmTC_46243.dir/build.make CMakeFiles/cmTC_46243.dir/build
make[1]: Entering directory '/home/victorvianna/Desktop/FaceTweaking/engine/CMakeFiles/CMakeTmp'
Building CXX object CMakeFiles/cmTC_46243.dir/feature_tests.cxx.o
/usr/bin/c++    -std=c++11 -o CMakeFiles/cmTC_46243.dir/feature_tests.cxx.o -c /home/victorvianna/Desktop/FaceTweaking/engine/CMakeFiles/feature_tests.cxx
Linking CXX executable cmTC_46243
/usr/share/clion-2017.3.1/bin/cmake/bin/cmake -E cmake_link_script CMakeFiles/cmTC_46243.dir/link.txt --verbose=1
/usr/bin/c++       CMakeFiles/cmTC_46243.dir/feature_tests.cxx.o  -o cmTC_46243 
make[1]: Leaving directory '/home/victorvianna/Desktop/FaceTweaking/engine/CMakeFiles/CMakeTmp'


    Feature record: CXX_FEATURE:0cxx_aggregate_default_initializers
    Feature record: CXX_FEATURE:1cxx_alias_templates
    Feature record: CXX_FEATURE:1cxx_alignas
    Feature record: CXX_FEATURE:1cxx_alignof
    Feature record: CXX_FEATURE:1cxx_attributes
    Feature record: CXX_FEATURE:0cxx_attribute_deprecated
    Feature record: CXX_FEATURE:1cxx_auto_type
    Feature record: CXX_FEATURE:0cxx_binary_literals
    Feature record: CXX_FEATURE:1cxx_constexpr
    Feature record: CXX_FEATURE:0cxx_contextual_conversions
    Feature record: CXX_FEATURE:1cxx_decltype
    Feature record: CXX_FEATURE:0cxx_decltype_auto
    Feature record: CXX_FEATURE:1cxx_decltype_incomplete_return_types
    Feature record: CXX_FEATURE:1cxx_default_function_template_args
    Feature record: CXX_FEATURE:1cxx_defaulted_functions
    Feature record: CXX_FEATURE:1cxx_defaulted_move_initializers
    Feature record: CXX_FEATURE:1cxx_delegating_constructors
    Feature record: CXX_FEATURE:1cxx_deleted_functions
    Feature record: CXX_FEATURE:0cxx_digit_separators
    Feature record: CXX_FEATURE:1cxx_enum_forward_declarations
    Feature record: CXX_FEATURE:1cxx_explicit_conversions
    Feature record: CXX_FEATURE:1cxx_extended_friend_declarations
    Feature record: CXX_FEATURE:1cxx_extern_templates
    Feature record: CXX_FEATURE:1cxx_final
    Feature record: CXX_FEATURE:1cxx_func_identifier
    Feature record: CXX_FEATURE:1cxx_generalized_initializers
    Feature record: CXX_FEATURE:0cxx_generic_lambdas
    Feature record: CXX_FEATURE:1cxx_inheriting_constructors
    Feature record: CXX_FEATURE:1cxx_inline_namespaces
    Feature record: CXX_FEATURE:1cxx_lambdas
    Feature record: CXX_FEATURE:0cxx_lambda_init_captures
    Feature record: CXX_FEATURE:1cxx_local_type_template_args
    Feature record: CXX_FEATURE:1cxx_long_long_type
    Feature record: CXX_FEATURE:1cxx_noexcept
    Feature record: CXX_FEATURE:1cxx_nonstatic_member_init
    Feature record: CXX_FEATURE:1cxx_nullptr
    Feature record: CXX_FEATURE:1cxx_override
    Feature record: CXX_FEATURE:1cxx_range_for
    Feature record: CXX_FEATURE:1cxx_raw_string_literals
    Feature record: CXX_FEATURE:1cxx_reference_qualified_functions
    Feature record: CXX_FEATURE:0cxx_relaxed_constexpr
    Feature record: CXX_FEATURE:0cxx_return_type_deduction
    Feature record: CXX_FEATURE:1cxx_right_angle_brackets
    Feature record: CXX_FEATURE:1cxx_rvalue_references
    Feature record: CXX_FEATURE:1cxx_sizeof_member
    Feature record: CXX_FEATURE:1cxx_static_assert
    Feature record: CXX_FEATURE:1cxx_strong_enums
    Feature record: CXX_FEATURE:1cxx_template_template_parameters
    Feature record: CXX_FEATURE:1cxx_thread_local
    Feature record: CXX_FEATURE:1cxx_trailing_return_types
    Feature record: CXX_FEATURE:1cxx_unicode_literals
    Feature record: CXX_FEATURE:1cxx_uniform_initialization
    Feature record: CXX_FEATURE:1cxx_unrestricted_unions
    Feature record: CXX_FEATURE:1cxx_user_literals
    Feature record: CXX_FEATURE:0cxx_variable_templates
    Feature record: CXX_FEATURE:1cxx_variadic_macros
    Feature record: CXX_FEATURE:1cxx_variadic_templates


Detecting CXX [-std=c++98] compiler features compiled with the following output:
Change Dir: /home/victorvianna/Desktop/FaceTweaking/engine/CMakeFiles/CMakeTmp

Run Build Command:"/usr/bin/make" "cmTC_edc9f/fast"
/usr/bin/make -f CMakeFiles/cmTC_edc9f.dir/build.make CMakeFiles/cmTC_edc9f.dir/build
make[1]: Entering directory '/home/victorvianna/Desktop/FaceTweaking/engine/CMakeFiles/CMakeTmp'
Building CXX object CMakeFiles/cmTC_edc9f.dir/feature_tests.cxx.o
/usr/bin/c++    -std=c++98 -o CMakeFiles/cmTC_edc9f.dir/feature_tests.cxx.o -c /home/victorvianna/Desktop/FaceTweaking/engine/CMakeFiles/feature_tests.cxx
Linking CXX executable cmTC_edc9f
/usr/share/clion-2017.3.1/bin/cmake/bin/cmake -E cmake_link_script CMakeFiles/cmTC_edc9f.dir/link.txt --verbose=1
/usr/bin/c++       CMakeFiles/cmTC_edc9f.dir/feature_tests.cxx.o  -o cmTC_edc9f 
make[1]: Leaving directory '/home/victorvianna/Desktop/FaceTweaking/engine/CMakeFiles/CMakeTmp'


    Feature record: CXX_FEATURE:0cxx_aggregate_default_initializers
    Feature record: CXX_FEATURE:0cxx_alias_templates
    Feature record: CXX_FEATURE:0cxx_alignas
    Feature record: CXX_FEATURE:0cxx_alignof
    Feature record: CXX_FEATURE:0cxx_attributes
    Feature record: CXX_FEATURE:0cxx_attribute_deprecated
    Feature record: CXX_FEATURE:0cxx_auto_type
    Feature record: CXX_FEATURE:0cxx_binary_literals
    Feature record: CXX_FEATURE:0cxx_constexpr
    Feature record: CXX_FEATURE:0cxx_contextual_conversions
    Feature record: CXX_FEATURE:0cxx_decltype
    Feature record: CXX_FEATURE:0cxx_decltype_auto
    Feature record: CXX_FEATURE:0cxx_decltype_incomplete_return_types
    Feature record: CXX_FEATURE:0cxx_default_function_template_args
    Feature record: CXX_FEATURE:0cxx_defaulted_functions
    Feature record: CXX_FEATURE:0cxx_defaulted_move_initializers
    Feature record: CXX_FEATURE:0cxx_delegating_constructors
    Feature record: CXX_FEATURE:0cxx_deleted_functions
    Feature record: CXX_FEATURE:0cxx_digit_separators
    Feature record: CXX_FEATURE:0cxx_enum_forward_declarations
    Feature record: CXX_FEATURE:0cxx_explicit_conversions
    Feature record: CXX_FEATURE:0cxx_extended_friend_declarations
    Feature record: CXX_FEATURE:0cxx_extern_templates
    Feature record: CXX_FEATURE:0cxx_final
    Feature record: CXX_FEATURE:0cxx_func_identifier
    Feature record: CXX_FEATURE:0cxx_generalized_initializers
    Feature record: CXX_FEATURE:0cxx_generic_lambdas
    Feature record: CXX_FEATURE:0cxx_inheriting_constructors
    Feature record: CXX_FEATURE:0cxx_inline_namespaces
    Feature record: CXX_FEATURE:0cxx_lambdas
    Feature record: CXX_FEATURE:0cxx_lambda_init_captures
    Feature record: CXX_FEATURE:0cxx_local_type_template_args
    Feature record: CXX_FEATURE:0cxx_long_long_type
    Feature record: CXX_FEATURE:0cxx_noexcept
    Feature record: CXX_FEATURE:0cxx_nonstatic_member_init
    Feature record: CXX_FEATURE:0cxx_nullptr
    Feature record: CXX_FEATURE:0cxx_override
    Feature record: CXX_FEATURE:0cxx_range_for
    Feature record: CXX_FEATURE:0cxx_raw_string_literals
    Feature record: CXX_FEATURE:0cxx_reference_qualified_functions
    Feature record: CXX_FEATURE:0cxx_relaxed_constexpr
    Feature record: CXX_FEATURE:0cxx_return_type_deduction
    Feature record: CXX_FEATURE:0cxx_right_angle_brackets
    Feature record: CXX_FEATURE:0cxx_rvalue_references
    Feature record: CXX_FEATURE:0cxx_sizeof_member
    Feature record: CXX_FEATURE:0cxx_static_assert
    Feature record: CXX_FEATURE:0cxx_strong_enums
    Feature record: CXX_FEATURE:1cxx_template_template_parameters
    Feature record: CXX_FEATURE:0cxx_thread_local
    Feature record: CXX_FEATURE:0cxx_trailing_return_types
    Feature record: CXX_FEATURE:0cxx_unicode_literals
    Feature record: CXX_FEATURE:0cxx_uniform_initialization
    Feature record: CXX_FEATURE:0cxx_unrestricted_unions
    Feature record: CXX_FEATURE:0cxx_user_literals
    Feature record: CXX_FEATURE:0cxx_variable_templates
    Feature record: CXX_FEATURE:0cxx_variadic_macros
    Feature record: CXX_FEATURE:0cxx_variadic_templates
Determining if the include file pthread.h exists passed with the following output:
Change Dir: /home/victorvianna/Desktop/FaceTweaking/engine/CMakeFiles/CMakeTmp

Run Build Command:"/usr/bin/make" "cmTC_05b72/fast"
/usr/bin/make -f CMakeFiles/cmTC_05b72.dir/build.make CMakeFiles/cmTC_05b72.dir/build
make[1]: Entering directory '/home/victorvianna/Desktop/FaceTweaking/engine/CMakeFiles/CMakeTmp'
Building C object CMakeFiles/cmTC_05b72.dir/CheckIncludeFile.c.o
/usr/bin/cc    -o CMakeFiles/cmTC_05b72.dir/CheckIncludeFile.c.o   -c /home/victorvianna/Desktop/FaceTweaking/engine/CMakeFiles/CMakeTmp/CheckIncludeFile.c
Linking C executable cmTC_05b72
/usr/share/clion-2017.3.1/bin/cmake/bin/cmake -E cmake_link_script CMakeFiles/cmTC_05b72.dir/link.txt --verbose=1
/usr/bin/cc      -rdynamic CMakeFiles/cmTC_05b72.dir/CheckIncludeFile.c.o  -o cmTC_05b72 
make[1]: Leaving directory '/home/victorvianna/Desktop/FaceTweaking/engine/CMakeFiles/CMakeTmp'


Determining if the function pthread_create exists in the pthread passed with the following output:
Change Dir: /home/victorvianna/Desktop/FaceTweaking/engine/CMakeFiles/CMakeTmp

Run Build Command:"/usr/bin/make" "cmTC_81d92/fast"
/usr/bin/make -f CMakeFiles/cmTC_81d92.dir/build.make CMakeFiles/cmTC_81d92.dir/build
make[1]: Entering directory '/home/victorvianna/Desktop/FaceTweaking/engine/CMakeFiles/CMakeTmp'
Building C object CMakeFiles/cmTC_81d92.dir/CheckFunctionExists.c.o
/usr/bin/cc   -DCHECK_FUNCTION_EXISTS=pthread_create   -o CMakeFiles/cmTC_81d92.dir/CheckFunctionExists.c.o   -c /usr/share/clion-2017.3.1/bin/cmake/share/cmake-3.9/Modules/CheckFunctionExists.c
Linking C executable cmTC_81d92
/usr/share/clion-2017.3.1/bin/cmake/bin/cmake -E cmake_link_script CMakeFiles/cmTC_81d92.dir/link.txt --verbose=1
/usr/bin/cc  -DCHECK_FUNCTION_EXISTS=pthread_create    -rdynamic CMakeFiles/cmTC_81d92.dir/CheckFunctionExists.c.o  -o cmTC_81d92 -lpthread 
make[1]: Leaving directory '/home/victorvianna/Desktop/FaceTweaking/engine/CMakeFiles/CMakeTmp'


Determining if the function XOpenDisplay exists in the /usr/lib/x86_64-linux-gnu/libX11.so;/usr/lib/x86_64-linux-gnu/libXext.so passed with the following output:
Change Dir: /home/victorvianna/Desktop/FaceTweaking/engine/CMakeFiles/CMakeTmp

Run Build Command:"/usr/bin/make" "cmTC_123c9/fast"
/usr/bin/make -f CMakeFiles/cmTC_123c9.dir/build.make CMakeFiles/cmTC_123c9.dir/build
make[1]: Entering directory '/home/victorvianna/Desktop/FaceTweaking/engine/CMakeFiles/CMakeTmp'
Building C object CMakeFiles/cmTC_123c9.dir/CheckFunctionExists.c.o
/usr/bin/cc   -DCHECK_FUNCTION_EXISTS=XOpenDisplay   -o CMakeFiles/cmTC_123c9.dir/CheckFunctionExists.c.o   -c /usr/share/clion-2017.3.1/bin/cmake/share/cmake-3.9/Modules/CheckFunctionExists.c
Linking C executable cmTC_123c9
/usr/share/clion-2017.3.1/bin/cmake/bin/cmake -E cmake_link_script CMakeFiles/cmTC_123c9.dir/link.txt --verbose=1
/usr/bin/cc  -DCHECK_FUNCTION_EXISTS=XOpenDisplay    -rdynamic CMakeFiles/cmTC_123c9.dir/CheckFunctionExists.c.o  -o cmTC_123c9 /usr/lib/x86_64-linux-gnu/libX11.so /usr/lib/x86_64-linux-gnu/libXext.so 
make[1]: Leaving directory '/home/victorvianna/Desktop/FaceTweaking/engine/CMakeFiles/CMakeTmp'


Determining if the function gethostbyname exists passed with the following output:
Change Dir: /home/victorvianna/Desktop/FaceTweaking/engine/CMakeFiles/CMakeTmp

Run Build Command:"/usr/bin/make" "cmTC_96d9c/fast"
/usr/bin/make -f CMakeFiles/cmTC_96d9c.dir/build.make CMakeFiles/cmTC_96d9c.dir/build
make[1]: Entering directory '/home/victorvianna/Desktop/FaceTweaking/engine/CMakeFiles/CMakeTmp'
Building C object CMakeFiles/cmTC_96d9c.dir/CheckFunctionExists.c.o
/usr/bin/cc   -DCHECK_FUNCTION_EXISTS=gethostbyname   -o CMakeFiles/cmTC_96d9c.dir/CheckFunctionExists.c.o   -c /usr/share/clion-2017.3.1/bin/cmake/share/cmake-3.9/Modules/CheckFunctionExists.c
Linking C executable cmTC_96d9c
/usr/share/clion-2017.3.1/bin/cmake/bin/cmake -E cmake_link_script CMakeFiles/cmTC_96d9c.dir/link.txt --verbose=1
/usr/bin/cc  -DCHECK_FUNCTION_EXISTS=gethostbyname    -rdynamic CMakeFiles/cmTC_96d9c.dir/CheckFunctionExists.c.o  -o cmTC_96d9c 
make[1]: Leaving directory '/home/victorvianna/Desktop/FaceTweaking/engine/CMakeFiles/CMakeTmp'


Determining if the function connect exists passed with the following output:
Change Dir: /home/victorvianna/Desktop/FaceTweaking/engine/CMakeFiles/CMakeTmp

Run Build Command:"/usr/bin/make" "cmTC_68532/fast"
/usr/bin/make -f CMakeFiles/cmTC_68532.dir/build.make CMakeFiles/cmTC_68532.dir/build
make[1]: Entering directory '/home/victorvianna/Desktop/FaceTweaking/engine/CMakeFiles/CMakeTmp'
Building C object CMakeFiles/cmTC_68532.dir/CheckFunctionExists.c.o
/usr/bin/cc   -DCHECK_FUNCTION_EXISTS=connect   -o CMakeFiles/cmTC_68532.dir/CheckFunctionExists.c.o   -c /usr/share/clion-2017.3.1/bin/cmake/share/cmake-3.9/Modules/CheckFunctionExists.c
Linking C executable cmTC_68532
/usr/share/clion-2017.3.1/bin/cmake/bin/cmake -E cmake_link_script CMakeFiles/cmTC_68532.dir/link.txt --verbose=1
/usr/bin/cc  -DCHECK_FUNCTION_EXISTS=connect    -rdynamic CMakeFiles/cmTC_68532.dir/CheckFunctionExists.c.o  -o cmTC_68532 
make[1]: Leaving directory '/home/victorvianna/Desktop/FaceTweaking/engine/CMakeFiles/CMakeTmp'


Determining if the function remove exists passed with the following output:
Change Dir: /home/victorvianna/Desktop/FaceTweaking/engine/CMakeFiles/CMakeTmp

Run Build Command:"/usr/bin/make" "cmTC_e56cf/fast"
/usr/bin/make -f CMakeFiles/cmTC_e56cf.dir/build.make CMakeFiles/cmTC_e56cf.dir/build
make[1]: Entering directory '/home/victorvianna/Desktop/FaceTweaking/engine/CMakeFiles/CMakeTmp'
Building C object CMakeFiles/cmTC_e56cf.dir/CheckFunctionExists.c.o
/usr/bin/cc   -DCHECK_FUNCTION_EXISTS=remove   -o CMakeFiles/cmTC_e56cf.dir/CheckFunctionExists.c.o   -c /usr/share/clion-2017.3.1/bin/cmake/share/cmake-3.9/Modules/CheckFunctionExists.c
Linking C executable cmTC_e56cf
/usr/share/clion-2017.3.1/bin/cmake/bin/cmake -E cmake_link_script CMakeFiles/cmTC_e56cf.dir/link.txt --verbose=1
/usr/bin/cc  -DCHECK_FUNCTION_EXISTS=remove    -rdynamic CMakeFiles/cmTC_e56cf.dir/CheckFunctionExists.c.o  -o cmTC_e56cf 
make[1]: Leaving directory '/home/victorvianna/Desktop/FaceTweaking/engine/CMakeFiles/CMakeTmp'


Determining if the function shmat exists passed with the following output:
Change Dir: /home/victorvianna/Desktop/FaceTweaking/engine/CMakeFiles/CMakeTmp

Run Build Command:"/usr/bin/make" "cmTC_b93bd/fast"
/usr/bin/make -f CMakeFiles/cmTC_b93bd.dir/build.make CMakeFiles/cmTC_b93bd.dir/build
make[1]: Entering directory '/home/victorvianna/Desktop/FaceTweaking/engine/CMakeFiles/CMakeTmp'
Building C object CMakeFiles/cmTC_b93bd.dir/CheckFunctionExists.c.o
/usr/bin/cc   -DCHECK_FUNCTION_EXISTS=shmat   -o CMakeFiles/cmTC_b93bd.dir/CheckFunctionExists.c.o   -c /usr/share/clion-2017.3.1/bin/cmake/share/cmake-3.9/Modules/CheckFunctionExists.c
Linking C executable cmTC_b93bd
/usr/share/clion-2017.3.1/bin/cmake/bin/cmake -E cmake_link_script CMakeFiles/cmTC_b93bd.dir/link.txt --verbose=1
/usr/bin/cc  -DCHECK_FUNCTION_EXISTS=shmat    -rdynamic CMakeFiles/cmTC_b93bd.dir/CheckFunctionExists.c.o  -o cmTC_b93bd 
make[1]: Leaving directory '/home/victorvianna/Desktop/FaceTweaking/engine/CMakeFiles/CMakeTmp'


Determining if the function IceConnectionNumber exists in the ICE passed with the following output:
Change Dir: /home/victorvianna/Desktop/FaceTweaking/engine/CMakeFiles/CMakeTmp

Run Build Command:"/usr/bin/make" "cmTC_6a06e/fast"
/usr/bin/make -f CMakeFiles/cmTC_6a06e.dir/build.make CMakeFiles/cmTC_6a06e.dir/build
make[1]: Entering directory '/home/victorvianna/Desktop/FaceTweaking/engine/CMakeFiles/CMakeTmp'
Building C object CMakeFiles/cmTC_6a06e.dir/CheckFunctionExists.c.o
/usr/bin/cc   -DCHECK_FUNCTION_EXISTS=IceConnectionNumber   -o CMakeFiles/cmTC_6a06e.dir/CheckFunctionExists.c.o   -c /usr/share/clion-2017.3.1/bin/cmake/share/cmake-3.9/Modules/CheckFunctionExists.c
Linking C executable cmTC_6a06e
/usr/share/clion-2017.3.1/bin/cmake/bin/cmake -E cmake_link_script CMakeFiles/cmTC_6a06e.dir/link.txt --verbose=1
/usr/bin/cc  -DCHECK_FUNCTION_EXISTS=IceConnectionNumber    -rdynamic CMakeFiles/cmTC_6a06e.dir/CheckFunctionExists.c.o  -o cmTC_6a06e -lICE 
make[1]: Leaving directory '/home/victorvianna/Desktop/FaceTweaking/engine/CMakeFiles/CMakeTmp'


Determining if the function png_create_read_struct exists passed with the following output:
Change Dir: /home/victorvianna/Desktop/FaceTweaking/engine/CMakeFiles/CMakeTmp

Run Build Command:"/usr/bin/make" "cmTC_97fab/fast"
/usr/bin/make -f CMakeFiles/cmTC_97fab.dir/build.make CMakeFiles/cmTC_97fab.dir/build
make[1]: Entering directory '/home/victorvianna/Desktop/FaceTweaking/engine/CMakeFiles/CMakeTmp'
Building C object CMakeFiles/cmTC_97fab.dir/CheckFunctionExists.c.o
/usr/bin/cc   -DCHECK_FUNCTION_EXISTS=png_create_read_struct   -o CMakeFiles/cmTC_97fab.dir/CheckFunctionExists.c.o   -c /usr/share/clion-2017.3.1/bin/cmake/share/cmake-3.9/Modules/CheckFunctionExists.c
Linking C executable cmTC_97fab
/usr/share/clion-2017.3.1/bin/cmake/bin/cmake -E cmake_link_script CMakeFiles/cmTC_97fab.dir/link.txt --verbose=1
/usr/bin/cc  -DCHECK_FUNCTION_EXISTS=png_create_read_struct    -rdynamic CMakeFiles/cmTC_97fab.dir/CheckFunctionExists.c.o  -o cmTC_97fab /usr/lib/x86_64-linux-gnu/libpng.so /usr/lib/x86_64-linux-gnu/libz.so 
make[1]: Leaving directory '/home/victorvianna/Desktop/FaceTweaking/engine/CMakeFiles/CMakeTmp'


Determining if the function jpeg_read_header exists passed with the following output:
Change Dir: /home/victorvianna/Desktop/FaceTweaking/engine/CMakeFiles/CMakeTmp

Run Build Command:"/usr/bin/make" "cmTC_56efc/fast"
/usr/bin/make -f CMakeFiles/cmTC_56efc.dir/build.make CMakeFiles/cmTC_56efc.dir/build
make[1]: Entering directory '/home/victorvianna/Desktop/FaceTweaking/engine/CMakeFiles/CMakeTmp'
Building C object CMakeFiles/cmTC_56efc.dir/CheckFunctionExists.c.o
/usr/bin/cc   -DCHECK_FUNCTION_EXISTS=jpeg_read_header   -o CMakeFiles/cmTC_56efc.dir/CheckFunctionExists.c.o   -c /usr/share/clion-2017.3.1/bin/cmake/share/cmake-3.9/Modules/CheckFunctionExists.c
Linking C executable cmTC_56efc
/usr/share/clion-2017.3.1/bin/cmake/bin/cmake -E cmake_link_script CMakeFiles/cmTC_56efc.dir/link.txt --verbose=1
/usr/bin/cc  -DCHECK_FUNCTION_EXISTS=jpeg_read_header    -rdynamic CMakeFiles/cmTC_56efc.dir/CheckFunctionExists.c.o  -o cmTC_56efc /usr/lib/x86_64-linux-gnu/libjpeg.so 
make[1]: Leaving directory '/home/victorvianna/Desktop/FaceTweaking/engine/CMakeFiles/CMakeTmp'


Determining if the include file sys/types.h exists passed with the following output:
Change Dir: /home/victorvianna/Desktop/FaceTweaking/engine/CMakeFiles/CMakeTmp

Run Build Command:"/usr/bin/make" "cmTC_9f080/fast"
/usr/bin/make -f CMakeFiles/cmTC_9f080.dir/build.make CMakeFiles/cmTC_9f080.dir/build
make[1]: Entering directory '/home/victorvianna/Desktop/FaceTweaking/engine/CMakeFiles/CMakeTmp'
Building C object CMakeFiles/cmTC_9f080.dir/CheckIncludeFile.c.o
/usr/bin/cc    -o CMakeFiles/cmTC_9f080.dir/CheckIncludeFile.c.o   -c /home/victorvianna/Desktop/FaceTweaking/engine/CMakeFiles/CMakeTmp/CheckIncludeFile.c
Linking C executable cmTC_9f080
/usr/share/clion-2017.3.1/bin/cmake/bin/cmake -E cmake_link_script CMakeFiles/cmTC_9f080.dir/link.txt --verbose=1
/usr/bin/cc      -rdynamic CMakeFiles/cmTC_9f080.dir/CheckIncludeFile.c.o  -o cmTC_9f080 
make[1]: Leaving directory '/home/victorvianna/Desktop/FaceTweaking/engine/CMakeFiles/CMakeTmp'


Determining if the include file stdint.h exists passed with the following output:
Change Dir: /home/victorvianna/Desktop/FaceTweaking/engine/CMakeFiles/CMakeTmp

Run Build Command:"/usr/bin/make" "cmTC_d9f32/fast"
/usr/bin/make -f CMakeFiles/cmTC_d9f32.dir/build.make CMakeFiles/cmTC_d9f32.dir/build
make[1]: Entering directory '/home/victorvianna/Desktop/FaceTweaking/engine/CMakeFiles/CMakeTmp'
Building C object CMakeFiles/cmTC_d9f32.dir/CheckIncludeFile.c.o
/usr/bin/cc    -o CMakeFiles/cmTC_d9f32.dir/CheckIncludeFile.c.o   -c /home/victorvianna/Desktop/FaceTweaking/engine/CMakeFiles/CMakeTmp/CheckIncludeFile.c
Linking C executable cmTC_d9f32
/usr/share/clion-2017.3.1/bin/cmake/bin/cmake -E cmake_link_script CMakeFiles/cmTC_d9f32.dir/link.txt --verbose=1
/usr/bin/cc      -rdynamic CMakeFiles/cmTC_d9f32.dir/CheckIncludeFile.c.o  -o cmTC_d9f32 
make[1]: Leaving directory '/home/victorvianna/Desktop/FaceTweaking/engine/CMakeFiles/CMakeTmp'


Determining if the include file stddef.h exists passed with the following output:
Change Dir: /home/victorvianna/Desktop/FaceTweaking/engine/CMakeFiles/CMakeTmp

Run Build Command:"/usr/bin/make" "cmTC_9bdf5/fast"
/usr/bin/make -f CMakeFiles/cmTC_9bdf5.dir/build.make CMakeFiles/cmTC_9bdf5.dir/build
make[1]: Entering directory '/home/victorvianna/Desktop/FaceTweaking/engine/CMakeFiles/CMakeTmp'
Building C object CMakeFiles/cmTC_9bdf5.dir/CheckIncludeFile.c.o
/usr/bin/cc    -o CMakeFiles/cmTC_9bdf5.dir/CheckIncludeFile.c.o   -c /home/victorvianna/Desktop/FaceTweaking/engine/CMakeFiles/CMakeTmp/CheckIncludeFile.c
Linking C executable cmTC_9bdf5
/usr/share/clion-2017.3.1/bin/cmake/bin/cmake -E cmake_link_script CMakeFiles/cmTC_9bdf5.dir/link.txt --verbose=1
/usr/bin/cc      -rdynamic CMakeFiles/cmTC_9bdf5.dir/CheckIncludeFile.c.o  -o cmTC_9bdf5 
make[1]: Leaving directory '/home/victorvianna/Desktop/FaceTweaking/engine/CMakeFiles/CMakeTmp'


Determining size of void* passed with the following output:
Change Dir: /home/victorvianna/Desktop/FaceTweaking/engine/CMakeFiles/CMakeTmp

Run Build Command:"/usr/bin/make" "cmTC_59b46/fast"
/usr/bin/make -f CMakeFiles/cmTC_59b46.dir/build.make CMakeFiles/cmTC_59b46.dir/build
make[1]: Entering directory '/home/victorvianna/Desktop/FaceTweaking/engine/CMakeFiles/CMakeTmp'
Building C object CMakeFiles/cmTC_59b46.dir/SIZE_OF_VOID_PTR.c.o
/usr/bin/cc    -o CMakeFiles/cmTC_59b46.dir/SIZE_OF_VOID_PTR.c.o   -c /home/victorvianna/Desktop/FaceTweaking/engine/CMakeFiles/CheckTypeSize/SIZE_OF_VOID_PTR.c
Linking C executable cmTC_59b46
/usr/share/clion-2017.3.1/bin/cmake/bin/cmake -E cmake_link_script CMakeFiles/cmTC_59b46.dir/link.txt --verbose=1
/usr/bin/cc      -rdynamic CMakeFiles/cmTC_59b46.dir/SIZE_OF_VOID_PTR.c.o  -o cmTC_59b46 /usr/lib/x86_64-linux-gnu/libjpeg.so 
make[1]: Leaving directory '/home/victorvianna/Desktop/FaceTweaking/engine/CMakeFiles/CMakeTmp'


Determining if the function cblas_ddot exists passed with the following output:
Change Dir: /home/victorvianna/Desktop/FaceTweaking/engine/CMakeFiles/CMakeTmp

Run Build Command:"/usr/bin/make" "cmTC_2361a/fast"
/usr/bin/make -f CMakeFiles/cmTC_2361a.dir/build.make CMakeFiles/cmTC_2361a.dir/build
make[1]: Entering directory '/home/victorvianna/Desktop/FaceTweaking/engine/CMakeFiles/CMakeTmp'
Building C object CMakeFiles/cmTC_2361a.dir/CheckFunctionExists.c.o
/usr/bin/cc   -DCHECK_FUNCTION_EXISTS=cblas_ddot   -o CMakeFiles/cmTC_2361a.dir/CheckFunctionExists.c.o   -c /usr/share/clion-2017.3.1/bin/cmake/share/cmake-3.9/Modules/CheckFunctionExists.c
Linking C executable cmTC_2361a
/usr/share/clion-2017.3.1/bin/cmake/bin/cmake -E cmake_link_script CMakeFiles/cmTC_2361a.dir/link.txt --verbose=1
/usr/bin/cc  -DCHECK_FUNCTION_EXISTS=cblas_ddot    -rdynamic CMakeFiles/cmTC_2361a.dir/CheckFunctionExists.c.o  -o cmTC_2361a /usr/lib/x86_64-linux-gnu/libblas.so 
make[1]: Leaving directory '/home/victorvianna/Desktop/FaceTweaking/engine/CMakeFiles/CMakeTmp'


Determining if the function sgesv_ exists passed with the following output:
Change Dir: /home/victorvianna/Desktop/FaceTweaking/engine/CMakeFiles/CMakeTmp

Run Build Command:"/usr/bin/make" "cmTC_4a623/fast"
/usr/bin/make -f CMakeFiles/cmTC_4a623.dir/build.make CMakeFiles/cmTC_4a623.dir/build
make[1]: Entering directory '/home/victorvianna/Desktop/FaceTweaking/engine/CMakeFiles/CMakeTmp'
Building C object CMakeFiles/cmTC_4a623.dir/CheckFunctionExists.c.o
/usr/bin/cc   -DCHECK_FUNCTION_EXISTS=sgesv_   -o CMakeFiles/cmTC_4a623.dir/CheckFunctionExists.c.o   -c /usr/share/clion-2017.3.1/bin/cmake/share/cmake-3.9/Modules/CheckFunctionExists.c
Linking C executable cmTC_4a623
/usr/share/clion-2017.3.1/bin/cmake/bin/cmake -E cmake_link_script CMakeFiles/cmTC_4a623.dir/link.txt --verbose=1
/usr/bin/cc  -DCHECK_FUNCTION_EXISTS=sgesv_    -rdynamic CMakeFiles/cmTC_4a623.dir/CheckFunctionExists.c.o  -o cmTC_4a623 /usr/lib/x86_64-linux-gnu/liblapack.so 
make[1]: Leaving directory '/home/victorvianna/Desktop/FaceTweaking/engine/CMakeFiles/CMakeTmp'


